Removed Pin From Net: NetName=KEY1 Pin=K1-1
Removed Pin From Net: NetName=GND Pin=K1-3
Removed Pin From Net: NetName=KEY2 Pin=K2-1
Removed Pin From Net: NetName=GND Pin=K2-3
Removed Pin From Net: NetName=KEY3 Pin=K3-1
Removed Pin From Net: NetName=GND Pin=K3-3
Removed Pin From Net: NetName=KEY4 Pin=K4-1
Removed Pin From Net: NetName=GND Pin=K4-3
Removed Member From Class: ClassName=Sheet1 Member=K1
Removed Member From Class: ClassName=Sheet1 Member=K2
Removed Member From Class: ClassName=Sheet1 Member=K3
Removed Member From Class: ClassName=Sheet1 Member=K4
Added Component: Designator=S1(SW_PB2_A1)
Add component. Clean all parameters for all variants
Add component (AddParameter): Name = "LatestRevisionDate"; Value = "17-Jul-2002"; VariantName = "[No Variations]"
Add component (AddParameter): Name = "LatestRevisionNote"; Value = "Re-released for DXP Platform."; VariantName = "[No Variations]"
Add component (AddParameter): Name = "PackageReference"; Value = "SPST-2"; VariantName = "[No Variations]"
Add component (AddParameter): Name = "Published"; Value = "24-Mar-1999"; VariantName = "[No Variations]"
Add component (AddParameter): Name = "Publisher"; Value = "Altium Limited"; VariantName = "[No Variations]"
Added Component: Designator=S2(SW_PB2_A1)
Add component. Clean all parameters for all variants
Add component (AddParameter): Name = "LatestRevisionDate"; Value = "17-Jul-2002"; VariantName = "[No Variations]"
Add component (AddParameter): Name = "LatestRevisionNote"; Value = "Re-released for DXP Platform."; VariantName = "[No Variations]"
Add component (AddParameter): Name = "PackageReference"; Value = "SPST-2"; VariantName = "[No Variations]"
Add component (AddParameter): Name = "Published"; Value = "24-Mar-1999"; VariantName = "[No Variations]"
Add component (AddParameter): Name = "Publisher"; Value = "Altium Limited"; VariantName = "[No Variations]"
Added Component: Designator=S3(SW_PB2_A1)
Add component. Clean all parameters for all variants
Add component (AddParameter): Name = "LatestRevisionDate"; Value = "17-Jul-2002"; VariantName = "[No Variations]"
Add component (AddParameter): Name = "LatestRevisionNote"; Value = "Re-released for DXP Platform."; VariantName = "[No Variations]"
Add component (AddParameter): Name = "PackageReference"; Value = "SPST-2"; VariantName = "[No Variations]"
Add component (AddParameter): Name = "Published"; Value = "24-Mar-1999"; VariantName = "[No Variations]"
Add component (AddParameter): Name = "Publisher"; Value = "Altium Limited"; VariantName = "[No Variations]"
Added Component: Designator=S4(SW_PB2_A1)
Add component. Clean all parameters for all variants
Add component (AddParameter): Name = "LatestRevisionDate"; Value = "17-Jul-2002"; VariantName = "[No Variations]"
Add component (AddParameter): Name = "LatestRevisionNote"; Value = "Re-released for DXP Platform."; VariantName = "[No Variations]"
Add component (AddParameter): Name = "PackageReference"; Value = "SPST-2"; VariantName = "[No Variations]"
Add component (AddParameter): Name = "Published"; Value = "24-Mar-1999"; VariantName = "[No Variations]"
Add component (AddParameter): Name = "Publisher"; Value = "Altium Limited"; VariantName = "[No Variations]"
Added Pin To Net: NetName=KEY1 Pin=S1-1
Added Pin To Net: NetName=GND Pin=S1-2
Added Pin To Net: NetName=KEY2 Pin=S2-1
Added Pin To Net: NetName=GND Pin=S2-2
Added Pin To Net: NetName=KEY3 Pin=S3-1
Added Pin To Net: NetName=GND Pin=S3-2
Added Pin To Net: NetName=KEY4 Pin=S4-1
Added Pin To Net: NetName=GND Pin=S4-2
Added Member To Class: ClassName=Sheet1 Member=Component S1 SW-PB
Added Member To Class: ClassName=Sheet1 Member=Component S2 SW-PB
Added Member To Class: ClassName=Sheet1 Member=Component S3 SW-PB
Added Member To Class: ClassName=Sheet1 Member=Component S4 SW-PB
Added Room: Name=Sheet1
