Removed Pin From Net: NetName=NetC16_2 Pin=Y1-1
Removed Pin From Net: NetName=NetC17_2 Pin=Y1-2
Change Component Footprint: Designator=Y1 Old Footprint=CRYS-3X8 New Footprint=X-HC-49S
Change Component Comment : Designator=Y1 Old Comment=XTAL_32.768KHZ New Comment=XTAL
Change component parameters: Designator = "Y1"; Footprint = "X-HC-49S"; UniqueID = "\CWVWJVXB"
Change component parameters. Clean all parameters for all variants
Change component parameters (AddParameter): Name = "LatestRevisionDate"; Value = "17-Jul-2002"; VariantName = "[No Variations]"
Change component parameters (AddParameter): Name = "LatestRevisionNote"; Value = "Re-released for DXP Platform."; VariantName = "[No Variations]"
Change component parameters (AddParameter): Name = "PackageReference"; Value = "R38"; VariantName = "[No Variations]"
Change component parameters (AddParameter): Name = "Published"; Value = "8-Jun-2000"; VariantName = "[No Variations]"
Change component parameters (AddParameter): Name = "Publisher"; Value = "Altium Limited"; VariantName = "[No Variations]"
Change component parameters (AddParameter): Name = "Value"; Value = "8M"; VariantName = "[No Variations]"
Added Component: Designator=C18(C_0603)
Add component. Clean all parameters for all variants
Added Component: Designator=C19(C_0603)
Add component. Clean all parameters for all variants
Added Component: Designator=Y2(X-HC-49S)
Add component. Clean all parameters for all variants
Add component (AddParameter): Name = "LatestRevisionDate"; Value = "17-Jul-2002"; VariantName = "[No Variations]"
Add component (AddParameter): Name = "LatestRevisionNote"; Value = "Re-released for DXP Platform."; VariantName = "[No Variations]"
Add component (AddParameter): Name = "PackageReference"; Value = "R38"; VariantName = "[No Variations]"
Add component (AddParameter): Name = "Published"; Value = "8-Jun-2000"; VariantName = "[No Variations]"
Add component (AddParameter): Name = "Publisher"; Value = "Altium Limited"; VariantName = "[No Variations]"
Add component (AddParameter): Name = "Value"; Value = "8M"; VariantName = "[No Variations]"
Added Pin To Net: NetName=OSCIN Pin=C18-1
Added Pin To Net: NetName=GND Pin=C18-2
Added Pin To Net: NetName=OSCOUT Pin=C19-1
Added Pin To Net: NetName=GND Pin=C19-2
Added Pin To Net: NetName=OSCOUT Pin=Y1-1
Added Pin To Net: NetName=OSCIN Pin=Y1-2
Added Pin To Net: NetName=NetC17_2 Pin=Y2-1
Added Pin To Net: NetName=NetC16_2 Pin=Y2-2
Added Member To Class: ClassName=Sheet1 Member=Component C15 104
Added Member To Class: ClassName=Sheet1 Member=Component C18 104
Added Member To Class: ClassName=Sheet1 Member=Component C19 104
Added Member To Class: ClassName=Sheet1 Member=Component R12 10K
Added Member To Class: ClassName=Sheet1 Member=Component Y2 XTAL
Added Room: Name=Sheet1
