Removed Pin From Net: NetName=24C02_SDA Pin=*1-49
Removed Pin From Net: NetName=24C02_SCL Pin=*1-50
Removed Pin From Net: NetName=24C02_WP Pin=*1-51
Added Component: Designator=C13(C_0603)
Add component. Clean all parameters for all variants
Added Component: Designator=P?(HDR4X1-2.54)
Add component. Clean all parameters for all variants
Add component (AddParameter): Name = "LatestRevisionDate"; Value = "17-Jul-2002"; VariantName = "[No Variations]"
Add component (AddParameter): Name = "LatestRevisionNote"; Value = "Re-released for DXP Platform."; VariantName = "[No Variations]"
Add component (AddParameter): Name = "Publisher"; Value = "Altium Limited"; VariantName = "[No Variations]"
Added Pin To Net: NetName=24C02_SDA Pin=*1-50
Added Pin To Net: NetName=24C02_SCL Pin=*1-51
Added Pin To Net: NetName=24C02_WP Pin=*1-52
Added Pin To Net: NetName=GND Pin=C13-1
Added Pin To Net: NetName=3.3V Pin=C13-2
Added Pin To Net: NetName=3.3V Pin=P?-1
Added Pin To Net: NetName=GND Pin=P?-4
Added Pin To Net: NetName=SWCLK Pin=*1-49
Added Pin To Net: NetName=SWCLK Pin=P?-3
Added Net: Name=SWCLK
Added Pin To Net: NetName=SWDIO Pin=*1-46
Added Pin To Net: NetName=SWDIO Pin=P?-2
Added Net: Name=SWDIO
Added Member To Class: ClassName=Sheet1 Member=Component C13 CAP
Added Member To Class: ClassName=Sheet1 Member=Component P? Header 4
Added Room: Name=Sheet1
